25-01-10 10:03:14.003 : Model path: model_zoo\dncnn_25.pth
25-01-10 10:03:14.003 : Params number: 555137
25-01-10 10:03:14.003 : model_name:dncnn_25, image sigma:15
25-01-10 10:03:14.003 : testsets\set12
25-01-10 10:03:14.306 : 01.png - PSNR: 30.00 dB; SSIM: 0.8407.
25-01-10 10:03:14.342 : 02.png - PSNR: 33.49 dB; SSIM: 0.8525.
25-01-10 10:03:14.379 : 03.png - PSNR: 31.09 dB; SSIM: 0.8750.
25-01-10 10:03:14.415 : 04.png - PSNR: 29.87 dB; SSIM: 0.8539.
25-01-10 10:03:14.450 : 05.png - PSNR: 30.68 dB; SSIM: 0.9165.
25-01-10 10:03:14.486 : 06.png - PSNR: 29.24 dB; SSIM: 0.8540.
25-01-10 10:03:14.522 : 07.png - PSNR: 29.53 dB; SSIM: 0.8394.
25-01-10 10:03:14.635 : 08.png - PSNR: 32.45 dB; SSIM: 0.8551.
25-01-10 10:03:14.748 : 09.png - PSNR: 30.18 dB; SSIM: 0.8540.
25-01-10 10:03:14.859 : 10.png - PSNR: 30.07 dB; SSIM: 0.7764.
25-01-10 10:03:14.969 : 11.png - PSNR: 29.71 dB; SSIM: 0.7790.
25-01-10 10:03:15.086 : 12.png - PSNR: 29.97 dB; SSIM: 0.7948.
25-01-10 10:03:15.102 : Average PSNR/SSIM(RGB) - set12_dncnn_25 - PSNR: 30.52 dB; SSIM: 0.8409
25-01-10 10:10:28.121 : Model path: model_zoo\dncnn_25.pth
25-01-10 10:10:28.121 : Params number: 555137
25-01-10 10:10:28.121 : model_name:dncnn_25, image sigma:55
25-01-10 10:10:28.121 : testsets\set12
25-01-10 10:10:28.273 : 01.png - PSNR: 16.23 dB; SSIM: 0.2204.
25-01-10 10:10:28.310 : 02.png - PSNR: 15.91 dB; SSIM: 0.1542.
25-01-10 10:10:28.356 : 03.png - PSNR: 15.94 dB; SSIM: 0.2047.
25-01-10 10:10:28.392 : 04.png - PSNR: 16.11 dB; SSIM: 0.2809.
25-01-10 10:10:28.426 : 05.png - PSNR: 15.97 dB; SSIM: 0.2919.
25-01-10 10:10:28.462 : 06.png - PSNR: 16.16 dB; SSIM: 0.2310.
25-01-10 10:10:28.497 : 07.png - PSNR: 16.35 dB; SSIM: 0.2528.
25-01-10 10:10:28.602 : 08.png - PSNR: 15.89 dB; SSIM: 0.1400.
25-01-10 10:10:28.704 : 09.png - PSNR: 15.96 dB; SSIM: 0.2344.
25-01-10 10:10:28.806 : 10.png - PSNR: 15.85 dB; SSIM: 0.1855.
25-01-10 10:10:28.903 : 11.png - PSNR: 15.90 dB; SSIM: 0.1705.
25-01-10 10:10:28.999 : 12.png - PSNR: 15.83 dB; SSIM: 0.1979.
25-01-10 10:10:29.007 : Average PSNR/SSIM(RGB) - set12_dncnn_25 - PSNR: 16.01 dB; SSIM: 0.2137
